

Processing TyposController#index (for 127.0.0.1 at 2009-06-12 10:01:38) [GET]
  [4;36;1mTypo Load (0.0ms)[0m   [0;1mSQLite3::SQLException: no such table: typos: SELECT * FROM "typos" [0m

ActiveRecord::StatementInvalid (SQLite3::SQLException: no such table: typos: SELECT * FROM "typos" ):
  app/controllers/typos_controller.rb:5:in `index'

Rendered rescues/_trace (66.5ms)
Rendered rescues/_request_and_response (1.0ms)
Rendering rescues/layout (internal_server_error)
  [4;36;1mSQL (0.2ms)[0m   [0;1m SELECT name
 FROM sqlite_master
 WHERE type = 'table' AND NOT name = 'sqlite_sequence'
[0m
  [4;35;1mSQL (0.1ms)[0m   [0mselect sqlite_version(*)[0m
  [4;36;1mSQL (39.1ms)[0m   [0;1mCREATE TABLE "schema_migrations" ("version" varchar(255) NOT NULL) [0m
  [4;35;1mSQL (1.4ms)[0m   [0mCREATE UNIQUE INDEX "unique_schema_migrations" ON "schema_migrations" ("version")[0m
  [4;36;1mSQL (0.2ms)[0m   [0;1m SELECT name
 FROM sqlite_master
 WHERE type = 'table' AND NOT name = 'sqlite_sequence'
[0m
  [4;35;1mSQL (0.1ms)[0m   [0mSELECT version FROM schema_migrations[0m
Migrating to CreateTypos (20090612135554)
  [4;36;1mSQL (0.4ms)[0m   [0;1mCREATE TABLE "typos" ("id" INTEGER PRIMARY KEY AUTOINCREMENT NOT NULL, "typo" varchar(255), "name" varchar(255), "created_at" datetime, "updated_at" datetime) [0m
  [4;35;1mSQL (0.1ms)[0m   [0mINSERT INTO schema_migrations (version) VALUES ('20090612135554')[0m
  [4;36;1mSQL (0.2ms)[0m   [0;1m SELECT name
 FROM sqlite_master
 WHERE type = 'table' AND NOT name = 'sqlite_sequence'
[0m
  [4;35;1mSQL (0.1ms)[0m   [0mSELECT version FROM schema_migrations[0m
  [4;36;1mSQL (0.2ms)[0m   [0;1m SELECT name
 FROM sqlite_master
 WHERE type = 'table' AND NOT name = 'sqlite_sequence'
[0m
  [4;35;1mSQL (0.0ms)[0m   [0mPRAGMA index_list("typos")[0m


Processing TyposController#index (for 127.0.0.1 at 2009-06-12 10:01:52) [GET]
  [4;35;1mTypo Load (0.3ms)[0m   [0mSELECT * FROM "typos" [0m
Rendering template within layouts/typos
Rendering typos/index
Completed in 54ms (View: 49, DB: 0) | 200 OK [http://localhost/]


Processing TyposController#index (for 127.0.0.1 at 2009-06-12 10:02:00) [GET]
  [4;36;1mTypo Load (0.3ms)[0m   [0;1mSELECT * FROM "typos" [0m
Rendering template within layouts/typos
Rendering typos/index
Completed in 7ms (View: 3, DB: 0) | 200 OK [http://localhost/]


Processing TyposController#new (for 127.0.0.1 at 2009-06-12 10:02:02) [GET]
Rendering template within layouts/typos
Rendering typos/new
Completed in 9ms (View: 5, DB: 0) | 200 OK [http://localhost/typos/new]


Processing TyposController#index (for 127.0.0.1 at 2009-06-12 10:02:31) [GET]
  [4;35;1mTypo Load (0.2ms)[0m   [0mSELECT * FROM "typos" [0m
Rendering template within layouts/typos
Rendering typos/index
Completed in 4ms (View: 1, DB: 0) | 200 OK [http://localhost/]


Processing TyposController#new (for 127.0.0.1 at 2009-06-12 10:02:32) [GET]
Rendering template within layouts/typos
Rendering typos/new
Completed in 9ms (View: 5, DB: 0) | 200 OK [http://localhost/typos/new]


Processing TyposController#new (for 127.0.0.1 at 2009-06-12 10:02:47) [GET]
Rendering template within layouts/typos
Rendering typos/new
Completed in 8ms (View: 5, DB: 0) | 200 OK [http://localhost/typos/new]


Processing TyposController#new (for 127.0.0.1 at 2009-06-12 10:02:59) [GET]
Rendering template within layouts/typos
Rendering typos/new
Completed in 9ms (View: 5, DB: 0) | 200 OK [http://localhost/typos/new]
  [4;36;1mSQL (0.3ms)[0m   [0;1m SELECT name
 FROM sqlite_master
 WHERE type = 'table' AND NOT name = 'sqlite_sequence'
[0m
  [4;35;1mSQL (0.1ms)[0m   [0mSELECT version FROM schema_migrations[0m
Migrating to CreateTypos (20090612135554)
Migrating to RenameTyposColumnToHtml (20090612143401)
  [4;36;1mSQL (0.1ms)[0m   [0;1mselect sqlite_version(*)[0m
  [4;35;1mSQL (0.6ms)[0m   [0mCREATE TEMPORARY TABLE "altered_typos" ("id" INTEGER PRIMARY KEY AUTOINCREMENT NOT NULL, "html" varchar(255), "name" varchar(255), "created_at" datetime, "updated_at" datetime) [0m
  [4;36;1mSQL (0.0ms)[0m   [0;1mPRAGMA index_list("typos")[0m
  [4;35;1mSQL (0.2ms)[0m   [0mDROP TABLE "typos"[0m
  [4;36;1mSQL (0.1ms)[0m   [0;1mCREATE TABLE "typos" ("id" INTEGER PRIMARY KEY AUTOINCREMENT NOT NULL, "html" varchar(255), "name" varchar(255), "created_at" datetime, "updated_at" datetime) [0m
  [4;35;1mSQL (0.0ms)[0m   [0mPRAGMA index_list("altered_typos")[0m
  [4;36;1mSQL (0.1ms)[0m   [0;1mDROP TABLE "altered_typos"[0m
  [4;35;1mSQL (0.1ms)[0m   [0mINSERT INTO schema_migrations (version) VALUES ('20090612143401')[0m
  [4;36;1mSQL (0.1ms)[0m   [0;1m SELECT name
 FROM sqlite_master
 WHERE type = 'table' AND NOT name = 'sqlite_sequence'
[0m
  [4;35;1mSQL (0.1ms)[0m   [0mSELECT version FROM schema_migrations[0m
  [4;36;1mSQL (0.1ms)[0m   [0;1m SELECT name
 FROM sqlite_master
 WHERE type = 'table' AND NOT name = 'sqlite_sequence'
[0m
  [4;35;1mSQL (0.0ms)[0m   [0mPRAGMA index_list("typos")[0m


Processing TyposController#new (for 127.0.0.1 at 2009-06-12 10:36:45) [GET]
Rendering template within layouts/typos
Rendering typos/new
Completed in 11ms (View: 8, DB: 0) | 200 OK [http://localhost/typos/new]


Processing TyposController#index (for 127.0.0.1 at 2009-06-12 10:36:47) [GET]
  [4;36;1mTypo Load (0.3ms)[0m   [0;1mSELECT * FROM "typos" [0m
Rendering template within layouts/typos
Rendering typos/index
Completed in 7ms (View: 3, DB: 0) | 200 OK [http://localhost/typos]


Processing TyposController#index (for 127.0.0.1 at 2009-06-12 10:36:47) [GET]
  [4;35;1mTypo Load (0.3ms)[0m   [0mSELECT * FROM "typos" [0m
Rendering template within layouts/typos
Rendering typos/index
Completed in 5ms (View: 1, DB: 0) | 200 OK [http://localhost/typos]


Processing TyposController#index (for 127.0.0.1 at 2009-06-12 10:37:24) [GET]
  [4;36;1mTypo Load (0.3ms)[0m   [0;1mSELECT * FROM "typos" [0m
Rendering template within layouts/typos
Rendering typos/index
Completed in 4ms (View: 1, DB: 0) | 200 OK [http://localhost/]


Processing TyposController#new (for 127.0.0.1 at 2009-06-12 10:37:26) [GET]
Rendering template within layouts/typos
Rendering typos/new
Completed in 6ms (View: 2, DB: 0) | 200 OK [http://localhost/typos/new]


Processing TyposController#index (for 127.0.0.1 at 2009-06-12 11:07:54) [GET]
  [4;36;1mTypo Load (0.3ms)[0m   [0;1mSELECT * FROM "typos" [0m
Rendering template within layouts/typos
Rendering typos/index
Completed in 9ms (View: 6, DB: 0) | 200 OK [http://localhost/]


Processing TyposController#new (for 127.0.0.1 at 2009-06-12 11:14:12) [GET]
Rendering template within layouts/typos
Rendering typos/new
Completed in 11ms (View: 7, DB: 0) | 200 OK [http://localhost/typos/new]


Processing TyposController#create (for 127.0.0.1 at 2009-06-12 11:14:16) [POST]
  Parameters: {"commit"=>"Create", "authenticity_token"=>"pvsFU1DFxkVsX3v7rzxq8IJZ9iuZSZMBrQAZKtOeK58=", "typo"=>{"name"=>"P", "html"=>"For that special test (wink)...\r\n\r\nSee you as Sion as possible.\r\n\r\nInvade I haven't told you all lately, thank you for all the work you do."}}
  [4;35;1mTypo Create (19.6ms)[0m   [0mINSERT INTO "typos" ("html", "name", "updated_at", "created_at") VALUES('For that special test (wink)...

See you as Sion as possible.

Invade I haven''t told you all lately, thank you for all the work you do.', 'P', '2009-06-12 15:14:16', '2009-06-12 15:14:16')[0m
Redirected to http://localhost:3000/typos/1
Completed in 74ms (DB: 20) | 302 Found [http://localhost/typos]


Processing TyposController#show (for 127.0.0.1 at 2009-06-12 11:14:16) [GET]
  Parameters: {"id"=>"1"}
  [4;36;1mTypo Load (0.2ms)[0m   [0;1mSELECT * FROM "typos" WHERE ("typos"."id" = 1) [0m
Rendering template within layouts/typos
Rendering typos/show

ActionView::TemplateError (undefined method `typo' for #<Typo:0x2350050>) on line #3 of app/views/typos/show.html.erb:
1: <p>
2:   <b>Typo:</b>
3:   <%=h @typo.typo %>
4: </p>
5: 
6: <p>

    app/views/typos/show.html.erb:3
    app/controllers/typos_controller.rb:18:in `show'

Rendered rescues/_trace (30.0ms)
Rendered rescues/_request_and_response (1.1ms)
Rendering rescues/layout (internal_server_error)


Processing TyposController#index (for 127.0.0.1 at 2009-06-12 11:14:46) [GET]
  [4;35;1mTypo Load (0.3ms)[0m   [0mSELECT * FROM "typos" [0m
Rendering template within layouts/typos
Rendering typos/index
Completed in 5ms (View: 2, DB: 0) | 200 OK [http://localhost/typos]


Processing TyposController#index (for 127.0.0.1 at 2009-06-12 11:14:47) [GET]
  [4;36;1mTypo Load (0.3ms)[0m   [0;1mSELECT * FROM "typos" [0m
Rendering template within layouts/typos
Rendering typos/index
Completed in 6ms (View: 2, DB: 0) | 200 OK [http://localhost/typos]


Processing TyposController#index (for 127.0.0.1 at 2009-06-12 11:37:38) [GET]
  [4;35;1mTypo Load (0.4ms)[0m   [0mSELECT * FROM "typos" [0m
Rendering template within layouts/typos
Rendering typos/index
Completed in 11ms (View: 7, DB: 0) | 200 OK [http://localhost/]


Processing TyposController#index (for 127.0.0.1 at 2009-06-12 13:09:43) [GET]
  [4;36;1mTypo Load (0.3ms)[0m   [0;1mSELECT * FROM "typos" [0m
Rendering template within layouts/typos
Rendering typos/index
Completed in 47ms (View: 44, DB: 0) | 200 OK [http://localhost/]


Processing TyposController#index (for 127.0.0.1 at 2009-06-12 15:48:25) [GET]
  [4;35;1mTypo Load (0.3ms)[0m   [0mSELECT * FROM "typos" [0m
Rendering template within layouts/typos
Rendering typos/index
Completed in 6ms (View: 2, DB: 0) | 200 OK [http://localhost/]


Processing TyposController#index (for 127.0.0.1 at 2009-06-12 17:38:08) [GET]
  [4;36;1mTypo Load (1.8ms)[0m   [0;1mSELECT * FROM "typos" [0m
Rendering template within layouts/typos
Rendering typos/index
Completed in 31ms (View: 8, DB: 2) | 200 OK [http://localhost/]


Processing TyposController#index (for 127.0.0.1 at 2009-06-16 17:43:07) [GET]
  [4;36;1mTypo Load (0.4ms)[0m   [0;1mSELECT * FROM "typos" [0m
Rendering template within layouts/typos
Rendering typos/index
Completed in 141ms (View: 107, DB: 0) | 200 OK [http://localhost/]


Processing TyposController#index (for 127.0.0.1 at 2009-06-16 17:44:22) [GET]
  [4;35;1mTypo Load (0.4ms)[0m   [0mSELECT * FROM "typos" [0m
Rendering template within layouts/typos
Rendering typos/index
Completed in 9ms (View: 5, DB: 0) | 200 OK [http://localhost/]


Processing TyposController#rate (for 127.0.0.1 at 2009-06-16 17:44:27) [GET]
  Parameters: {"rating"=>"1", "id"=>"1"}
  [4;36;1mTypo Load (0.1ms)[0m   [0;1mSELECT * FROM "typos" WHERE ("typos"."id" = 1) [0m

ArgumentError (wrong number of arguments (1 for 2)):
  app/controllers/typos_controller.rb:15:in `rate_it'
  app/controllers/typos_controller.rb:15:in `rate'

Rendered rescues/_trace (83.5ms)
Rendered rescues/_request_and_response (31.6ms)
Rendering rescues/layout (internal_server_error)


Processing TyposController#index (for 127.0.0.1 at 2009-06-16 17:44:42) [GET]
  [4;35;1mTypo Load (0.3ms)[0m   [0mSELECT * FROM "typos" [0m
Rendering template within layouts/typos
Rendering typos/index
Completed in 7ms (View: 3, DB: 0) | 200 OK [http://localhost/]


Processing TyposController#rate (for 127.0.0.1 at 2009-06-16 17:44:44) [GET]
  Parameters: {"rating"=>"1", "id"=>"1"}
  [4;36;1mTypo Load (0.1ms)[0m   [0;1mSELECT * FROM "typos" WHERE ("typos"."id" = 1) [0m

ActiveRecord::StatementInvalid (Could not find table 'rates'):
  app/controllers/typos_controller.rb:15:in `rate'

Rendered rescues/_trace (27.7ms)
Rendered rescues/_request_and_response (0.2ms)
Rendering rescues/layout (internal_server_error)
  [4;36;1mSQL (0.4ms)[0m   [0;1m SELECT name
 FROM sqlite_master
 WHERE type = 'table' AND NOT name = 'sqlite_sequence'
[0m
  [4;35;1mSQL (0.1ms)[0m   [0mSELECT version FROM schema_migrations[0m
Migrating to CreateTypos (20090612135554)
Migrating to RenameTyposColumnToHtml (20090612143401)
Migrating to ActsAsRateableMigration (20090616214558)
  [4;36;1mSQL (17.7ms)[0m   [0;1mselect sqlite_version(*)[0m
  [4;35;1mSQL (0.7ms)[0m   [0mCREATE TABLE "rates" ("id" INTEGER PRIMARY KEY AUTOINCREMENT NOT NULL, "score" integer) [0m
  [4;36;1mSQL (0.1ms)[0m   [0;1mCREATE TABLE "ratings" ("id" INTEGER PRIMARY KEY AUTOINCREMENT NOT NULL, "user_id" integer, "rate_id" integer, "rateable_id" integer, "rateable_type" varchar(32), "created_at" datetime, "updated_at" datetime) [0m
  [4;35;1mSQL (0.1ms)[0m   [0mCREATE INDEX "index_ratings_on_rate_id" ON "ratings" ("rate_id")[0m
  [4;36;1mSQL (0.1ms)[0m   [0;1mCREATE INDEX "index_ratings_on_rateable_id_and_rateable_type" ON "ratings" ("rateable_id", "rateable_type")[0m
  [4;35;1mSQL (0.1ms)[0m   [0mINSERT INTO schema_migrations (version) VALUES ('20090616214558')[0m
  [4;36;1mSQL (0.3ms)[0m   [0;1m SELECT name
 FROM sqlite_master
 WHERE type = 'table' AND NOT name = 'sqlite_sequence'
[0m
  [4;35;1mSQL (0.3ms)[0m   [0mSELECT version FROM schema_migrations[0m
  [4;36;1mSQL (0.2ms)[0m   [0;1m SELECT name
 FROM sqlite_master
 WHERE type = 'table' AND NOT name = 'sqlite_sequence'
[0m
  [4;35;1mSQL (0.0ms)[0m   [0mPRAGMA index_list("rates")[0m
  [4;36;1mSQL (0.2ms)[0m   [0;1mPRAGMA index_list("ratings")[0m
  [4;35;1mSQL (0.1ms)[0m   [0mPRAGMA index_info('index_ratings_on_rateable_id_and_rateable_type')[0m
  [4;36;1mSQL (0.1ms)[0m   [0;1mPRAGMA index_info('index_ratings_on_rate_id')[0m
  [4;35;1mSQL (0.0ms)[0m   [0mPRAGMA index_list("typos")[0m


Processing TyposController#index (for 127.0.0.1 at 2009-06-16 17:46:18) [GET]
  [4;36;1mTypo Load (0.5ms)[0m   [0;1mSELECT * FROM "typos" [0m
Rendering template within layouts/typos
Rendering typos/index
Completed in 17ms (View: 8, DB: 0) | 200 OK [http://localhost/]


Processing TyposController#rate (for 127.0.0.1 at 2009-06-16 17:46:20) [GET]
  Parameters: {"rating"=>"1", "id"=>"1"}
  [4;35;1mTypo Load (0.2ms)[0m   [0mSELECT * FROM "typos" WHERE ("typos"."id" = 1) [0m
  [4;36;1mRate Load (0.2ms)[0m   [0;1mSELECT * FROM "rates" WHERE ("rates"."score" = 1) LIMIT 1[0m
  [4;35;1mRate Exists (0.1ms)[0m   [0mSELECT "rates".id FROM "rates" WHERE ("rates"."score" = 1) LIMIT 1[0m
  [4;36;1mRate Create (0.4ms)[0m   [0;1mINSERT INTO "rates" ("score") VALUES(1)[0m
  [4;35;1mRating Exists (0.2ms)[0m   [0mSELECT "ratings".id FROM "ratings" WHERE ("ratings"."user_id" = 0 AND "ratings".rateable_id = 1 AND "ratings".rateable_type = 'Typo') LIMIT 1[0m
  [4;36;1mRating Create (0.3ms)[0m   [0;1mINSERT INTO "ratings" ("updated_at", "rateable_type", "rate_id", "rateable_id", "user_id", "created_at") VALUES('2009-06-16 21:46:20', 'Typo', 1, 1, 0, '2009-06-16 21:46:20')[0m
Redirected to http://localhost:3000/typos
Completed in 139ms (DB: 1) | 302 Found [http://localhost/rating/1/1]


Processing TyposController#index (for 127.0.0.1 at 2009-06-16 17:46:20) [GET]
  [4;35;1mTypo Load (0.4ms)[0m   [0mSELECT * FROM "typos" [0m
Rendering template within layouts/typos
Rendering typos/index
Completed in 6ms (View: 2, DB: 0) | 200 OK [http://localhost/typos]


Processing TyposController#index (for 127.0.0.1 at 2009-06-16 17:47:06) [GET]
  [4;36;1mTypo Load (0.4ms)[0m   [0;1mSELECT * FROM "typos" [0m
Rendering template within layouts/typos
Rendering typos/index
  [4;35;1mSQL (0.2ms)[0m   [0mSELECT count(*) AS count_all FROM "rates" INNER JOIN "ratings" ON "rates".id = "ratings".rate_id WHERE (("ratings".rateable_type = 'Typo') AND ("ratings".rateable_id = 1)) [0m
  [4;36;1mRate Load (0.1ms)[0m   [0;1mSELECT "rates".* FROM "rates" INNER JOIN "ratings" ON "rates".id = "ratings".rate_id WHERE (("ratings".rateable_type = 'Typo') AND ("ratings".rateable_id = 1)) [0m
Completed in 9ms (View: 5, DB: 1) | 200 OK [http://localhost/typos]


Processing TyposController#index (for 127.0.0.1 at 2009-06-16 17:47:59) [GET]
  [4;35;1mTypo Load (0.4ms)[0m   [0mSELECT * FROM "typos" [0m
Rendering template within layouts/typos
Rendering typos/index
ERROR: compiling _run_erb_app47views47typos47index46html46erb RAISED compile error
/Users/paul/Projects/iphonetypos/source/app/views/typos/index.html.erb:6: syntax error, unexpected ',', expecting ')'
...put_buffer.concat "\t";  w%(1, 2, 3, 4).each do |rating| ; @...
                              ^
Function body:           def _run_erb_app47views47typos47index46html46erb(local_assigns)
            old_output_buffer = output_buffer;;@output_buffer = '';  __in_erb_template=true ; @output_buffer.concat "<h1>iPhone Typos</h1>\n"
@output_buffer.concat "\n"
 @typos.each do |typo| ; @output_buffer.concat "\n"
@output_buffer.concat "\tAvg. rating: "; @output_buffer.concat(( typo.average_rating_round ).to_s); @output_buffer.concat "<br />\n"
@output_buffer.concat "\t"; @output_buffer.concat(( simple_format(typo.html) ).to_s); @output_buffer.concat "\n"
@output_buffer.concat "\t";  w%(1, 2, 3, 4).each do |rating| ; @output_buffer.concat "\n"
@output_buffer.concat "\t\t"; @output_buffer.concat(( link_to rating, :action => "rate", :id => typo, :rating => rating ).to_s); @output_buffer.concat "\n"
@output_buffer.concat "\t";  end 
@output_buffer.concat "\t<hr />\n"
 end ; @output_buffer.concat "\n"
@output_buffer.concat "\n"
@output_buffer.concat(( link_to 'New typo', new_typo_path ).to_s); @output_buffer
          ensure
            self.output_buffer = old_output_buffer
          end
Backtrace: /Users/paul/Projects/iphonetypos/source/app/views/typos/index.html.erb:15:in `compile!'
/Library/Ruby/Gems/1.8/gems/actionpack-2.3.2/lib/action_view/renderable.rb:61:in `compile'
/Library/Ruby/Gems/1.8/gems/actionpack-2.3.2/lib/action_view/renderable.rb:28:in `render'
/Library/Ruby/Gems/1.8/gems/actionpack-2.3.2/lib/action_view/template.rb:194:in `render_template'
/Library/Ruby/Gems/1.8/gems/actionpack-2.3.2/lib/action_view/base.rb:260:in `render'
/Library/Ruby/Gems/1.8/gems/actionpack-2.3.2/lib/action_view/base.rb:343:in `_render_with_layout'
/Library/Ruby/Gems/1.8/gems/actionpack-2.3.2/lib/action_view/base.rb:257:in `render'
/Library/Ruby/Gems/1.8/gems/actionpack-2.3.2/lib/action_controller/base.rb:1241:in `render_for_file'
/Library/Ruby/Gems/1.8/gems/actionpack-2.3.2/lib/action_controller/base.rb:943:in `render_without_benchmark'
/Library/Ruby/Gems/1.8/gems/actionpack-2.3.2/lib/action_controller/benchmarking.rb:51:in `render'
/Library/Ruby/Gems/1.8/gems/activesupport-2.3.2/lib/active_support/core_ext/benchmark.rb:17:in `ms'
/Library/Ruby/Gems/1.8/gems/activesupport-2.3.2/lib/active_support/core_ext/benchmark.rb:10:in `realtime'
/Library/Ruby/Gems/1.8/gems/activesupport-2.3.2/lib/active_support/core_ext/benchmark.rb:17:in `ms'
/Library/Ruby/Gems/1.8/gems/actionpack-2.3.2/lib/action_controller/benchmarking.rb:51:in `render'
/Library/Ruby/Gems/1.8/gems/actionpack-2.3.2/lib/action_controller/mime_responds.rb:135:in `send'
/Library/Ruby/Gems/1.8/gems/actionpack-2.3.2/lib/action_controller/mime_responds.rb:135:in `custom'
/Library/Ruby/Gems/1.8/gems/actionpack-2.3.2/lib/action_controller/mime_responds.rb:179:in `call'
/Library/Ruby/Gems/1.8/gems/actionpack-2.3.2/lib/action_controller/mime_responds.rb:179:in `respond'
/Library/Ruby/Gems/1.8/gems/actionpack-2.3.2/lib/action_controller/mime_responds.rb:173:in `each'
/Library/Ruby/Gems/1.8/gems/actionpack-2.3.2/lib/action_controller/mime_responds.rb:173:in `respond'
/Library/Ruby/Gems/1.8/gems/actionpack-2.3.2/lib/action_controller/mime_responds.rb:107:in `respond_to'
/Users/paul/Projects/iphonetypos/source/app/controllers/typos_controller.rb:7:in `index'
/Library/Ruby/Gems/1.8/gems/actionpack-2.3.2/lib/action_controller/base.rb:1322:in `send'
/Library/Ruby/Gems/1.8/gems/actionpack-2.3.2/lib/action_controller/base.rb:1322:in `perform_action_without_filters'
/Library/Ruby/Gems/1.8/gems/actionpack-2.3.2/lib/action_controller/filters.rb:617:in `call_filters'
/Library/Ruby/Gems/1.8/gems/actionpack-2.3.2/lib/action_controller/filters.rb:610:in `perform_action_without_benchmark'
/Library/Ruby/Gems/1.8/gems/actionpack-2.3.2/lib/action_controller/benchmarking.rb:68:in `perform_action_without_rescue'
/Library/Ruby/Gems/1.8/gems/activesupport-2.3.2/lib/active_support/core_ext/benchmark.rb:17:in `ms'
/Library/Ruby/Gems/1.8/gems/activesupport-2.3.2/lib/active_support/core_ext/benchmark.rb:10:in `realtime'
/Library/Ruby/Gems/1.8/gems/activesupport-2.3.2/lib/active_support/core_ext/benchmark.rb:17:in `ms'
/Library/Ruby/Gems/1.8/gems/actionpack-2.3.2/lib/action_controller/benchmarking.rb:68:in `perform_action_without_rescue'
/Library/Ruby/Gems/1.8/gems/actionpack-2.3.2/lib/action_controller/rescue.rb:160:in `perform_action_without_flash'
/Library/Ruby/Gems/1.8/gems/actionpack-2.3.2/lib/action_controller/flash.rb:141:in `perform_action'
/Library/Ruby/Gems/1.8/gems/actionpack-2.3.2/lib/action_controller/base.rb:523:in `send'
/Library/Ruby/Gems/1.8/gems/actionpack-2.3.2/lib/action_controller/base.rb:523:in `process_without_filters'
/Library/Ruby/Gems/1.8/gems/actionpack-2.3.2/lib/action_controller/filters.rb:606:in `process'
/Library/Ruby/Gems/1.8/gems/actionpack-2.3.2/lib/action_controller/base.rb:391:in `process'
/Library/Ruby/Gems/1.8/gems/actionpack-2.3.2/lib/action_controller/base.rb:386:in `call'
/Library/Ruby/Gems/1.8/gems/actionpack-2.3.2/lib/action_controller/routing/route_set.rb:433:in `call'
/Library/Ruby/Gems/1.8/gems/actionpack-2.3.2/lib/action_controller/dispatcher.rb:88:in `dispatch'
/Library/Ruby/Gems/1.8/gems/actionpack-2.3.2/lib/action_controller/dispatcher.rb:111:in `_call'
/Library/Ruby/Gems/1.8/gems/actionpack-2.3.2/lib/action_controller/dispatcher.rb:82:in `initialize'
/Library/Ruby/Gems/1.8/gems/activerecord-2.3.2/lib/active_record/query_cache.rb:29:in `call'
/Library/Ruby/Gems/1.8/gems/activerecord-2.3.2/lib/active_record/query_cache.rb:29:in `call'
/Library/Ruby/Gems/1.8/gems/activerecord-2.3.2/lib/active_record/connection_adapters/abstract/query_cache.rb:34:in `cache'
/Library/Ruby/Gems/1.8/gems/activerecord-2.3.2/lib/active_record/query_cache.rb:9:in `cache'
/Library/Ruby/Gems/1.8/gems/activerecord-2.3.2/lib/active_record/query_cache.rb:28:in `call'
/Library/Ruby/Gems/1.8/gems/activerecord-2.3.2/lib/active_record/connection_adapters/abstract/connection_pool.rb:361:in `call'
/Library/Ruby/Gems/1.8/gems/rack-1.0.0/lib/rack/head.rb:9:in `call'
/Library/Ruby/Gems/1.8/gems/rack-1.0.0/lib/rack/methodoverride.rb:24:in `call'
/Library/Ruby/Gems/1.8/gems/actionpack-2.3.2/lib/action_controller/params_parser.rb:15:in `call'
/Library/Ruby/Gems/1.8/gems/actionpack-2.3.2/lib/action_controller/rewindable_input.rb:25:in `call'
/Library/Ruby/Gems/1.8/gems/actionpack-2.3.2/lib/action_controller/session/cookie_store.rb:93:in `call'
/Library/Ruby/Gems/1.8/gems/actionpack-2.3.2/lib/action_controller/reloader.rb:9:in `call'
/Library/Ruby/Gems/1.8/gems/actionpack-2.3.2/lib/action_controller/failsafe.rb:11:in `call'
/Library/Ruby/Gems/1.8/gems/rack-1.0.0/lib/rack/lock.rb:11:in `call'
/Library/Ruby/Gems/1.8/gems/rack-1.0.0/lib/rack/lock.rb:11:in `synchronize'
/Library/Ruby/Gems/1.8/gems/rack-1.0.0/lib/rack/lock.rb:11:in `call'
/Library/Ruby/Gems/1.8/gems/actionpack-2.3.2/lib/action_controller/dispatcher.rb:106:in `call'
/Library/Ruby/Gems/1.8/gems/rails-2.3.2/lib/rails/rack/static.rb:31:in `call'
/Library/Ruby/Gems/1.8/gems/rack-1.0.0/lib/rack/urlmap.rb:46:in `call'
/Library/Ruby/Gems/1.8/gems/rack-1.0.0/lib/rack/urlmap.rb:40:in `each'
/Library/Ruby/Gems/1.8/gems/rack-1.0.0/lib/rack/urlmap.rb:40:in `call'
/Library/Ruby/Gems/1.8/gems/rails-2.3.2/lib/rails/rack/log_tailer.rb:17:in `call'
/Library/Ruby/Gems/1.8/gems/rack-1.0.0/lib/rack/content_length.rb:13:in `call'
/Library/Ruby/Gems/1.8/gems/rack-1.0.0/lib/rack/chunked.rb:15:in `call'
/Library/Ruby/Gems/1.8/gems/rack-1.0.0/lib/rack/handler/mongrel.rb:61:in `process'
/Library/Ruby/Gems/1.8/gems/mongrel-1.1.5/lib/mongrel.rb:159:in `process_client'
/Library/Ruby/Gems/1.8/gems/mongrel-1.1.5/lib/mongrel.rb:158:in `each'
/Library/Ruby/Gems/1.8/gems/mongrel-1.1.5/lib/mongrel.rb:158:in `process_client'
/Library/Ruby/Gems/1.8/gems/mongrel-1.1.5/lib/mongrel.rb:285:in `run'
/Library/Ruby/Gems/1.8/gems/mongrel-1.1.5/lib/mongrel.rb:285:in `initialize'
/Library/Ruby/Gems/1.8/gems/mongrel-1.1.5/lib/mongrel.rb:285:in `new'
/Library/Ruby/Gems/1.8/gems/mongrel-1.1.5/lib/mongrel.rb:285:in `run'
/Library/Ruby/Gems/1.8/gems/mongrel-1.1.5/lib/mongrel.rb:268:in `initialize'
/Library/Ruby/Gems/1.8/gems/mongrel-1.1.5/lib/mongrel.rb:268:in `new'
/Library/Ruby/Gems/1.8/gems/mongrel-1.1.5/lib/mongrel.rb:268:in `run'
/Library/Ruby/Gems/1.8/gems/rack-1.0.0/lib/rack/handler/mongrel.rb:34:in `run'
/Library/Ruby/Gems/1.8/gems/rails-2.3.2/lib/commands/server.rb:111
/Library/Ruby/Site/1.8/rubygems/custom_require.rb:31:in `gem_original_require'
/Library/Ruby/Site/1.8/rubygems/custom_require.rb:31:in `require'
script/server:3

ActionView::TemplateError (compile error
/Users/paul/Projects/iphonetypos/source/app/views/typos/index.html.erb:6: syntax error, unexpected ',', expecting ')'
...put_buffer.concat "\t";  w%(1, 2, 3, 4).each do |rating| ; @...
                              ^) on line #6 of app/views/typos/index.html.erb:
3: <% @typos.each do |typo| %>
4: 	Avg. rating: <%= typo.average_rating_round %><br />
5: 	<%= simple_format(typo.html) %>
6: 	<% w%(1, 2, 3, 4).each do |rating| %>
7: 		<%= link_to rating, :action => "rate", :id => typo, :rating => rating %>
8: 	<% end -%>
9: 	<hr />

    app/views/typos/index.html.erb:15:in `compile!'
    app/controllers/typos_controller.rb:7:in `index'

Rendered rescues/_trace (31.8ms)
Rendered rescues/_request_and_response (1.1ms)
Rendering rescues/layout (internal_server_error)


Processing TyposController#index (for 127.0.0.1 at 2009-06-16 17:48:53) [GET]
  [4;36;1mTypo Load (1.1ms)[0m   [0;1mSELECT * FROM "typos" [0m
Rendering template within layouts/typos
Rendering typos/index
  [4;35;1mSQL (0.2ms)[0m   [0mSELECT count(*) AS count_all FROM "rates" INNER JOIN "ratings" ON "rates".id = "ratings".rate_id WHERE (("ratings".rateable_type = 'Typo') AND ("ratings".rateable_id = 1)) [0m
  [4;36;1mRate Load (0.1ms)[0m   [0;1mSELECT "rates".* FROM "rates" INNER JOIN "ratings" ON "rates".id = "ratings".rate_id WHERE (("ratings".rateable_type = 'Typo') AND ("ratings".rateable_id = 1)) [0m
Completed in 12ms (View: 6, DB: 1) | 200 OK [http://localhost/typos]


Processing TyposController#index (for 127.0.0.1 at 2009-06-16 17:49:24) [GET]
  [4;36;1mTypo Load (0.5ms)[0m   [0;1mSELECT * FROM "typos" [0m
Rendering template within layouts/typos
Rendering typos/index
  [4;35;1mSQL (0.2ms)[0m   [0mSELECT count(*) AS count_all FROM "rates" INNER JOIN "ratings" ON "rates".id = "ratings".rate_id WHERE (("ratings".rateable_type = 'Typo') AND ("ratings".rateable_id = 1)) [0m
  [4;36;1mRate Load (0.1ms)[0m   [0;1mSELECT "rates".* FROM "rates" INNER JOIN "ratings" ON "rates".id = "ratings".rate_id WHERE (("ratings".rateable_type = 'Typo') AND ("ratings".rateable_id = 1)) [0m
Completed in 31ms (View: 21, DB: 1) | 200 OK [http://localhost/typos]


Processing TyposController#index (for 127.0.0.1 at 2009-06-16 17:51:06) [GET]
  [4;35;1mTypo Load (0.4ms)[0m   [0mSELECT * FROM "typos" [0m
Rendering template within layouts/typos
Rendering typos/index
  [4;36;1mSQL (0.2ms)[0m   [0;1mSELECT count(*) AS count_all FROM "rates" INNER JOIN "ratings" ON "rates".id = "ratings".rate_id WHERE (("ratings".rateable_type = 'Typo') AND ("ratings".rateable_id = 1)) [0m
  [4;35;1mRate Load (0.1ms)[0m   [0mSELECT "rates".* FROM "rates" INNER JOIN "ratings" ON "rates".id = "ratings".rate_id WHERE (("ratings".rateable_type = 'Typo') AND ("ratings".rateable_id = 1)) [0m
Completed in 13ms (View: 7, DB: 1) | 200 OK [http://localhost/typos]


Processing TyposController#index (for 127.0.0.1 at 2009-06-16 17:51:15) [GET]
  [4;36;1mTypo Load (0.4ms)[0m   [0;1mSELECT * FROM "typos" [0m
Rendering template within layouts/typos
Rendering typos/index
  [4;35;1mSQL (0.2ms)[0m   [0mSELECT count(*) AS count_all FROM "rates" INNER JOIN "ratings" ON "rates".id = "ratings".rate_id WHERE (("ratings".rateable_type = 'Typo') AND ("ratings".rateable_id = 1)) [0m
  [4;36;1mRate Load (0.1ms)[0m   [0;1mSELECT "rates".* FROM "rates" INNER JOIN "ratings" ON "rates".id = "ratings".rate_id WHERE (("ratings".rateable_type = 'Typo') AND ("ratings".rateable_id = 1)) [0m
Completed in 8ms (View: 4, DB: 1) | 200 OK [http://localhost/typos]


Processing TyposController#rate (for 127.0.0.1 at 2009-06-16 17:51:16) [GET]
  Parameters: {"rating"=>"3", "id"=>"1"}
  [4;35;1mTypo Load (0.1ms)[0m   [0mSELECT * FROM "typos" WHERE ("typos"."id" = 1) [0m
  [4;36;1mRate Load (0.1ms)[0m   [0;1mSELECT * FROM "rates" WHERE ("rates"."score" = 3) LIMIT 1[0m
  [4;35;1mRate Exists (0.1ms)[0m   [0mSELECT "rates".id FROM "rates" WHERE ("rates"."score" = 3) LIMIT 1[0m
  [4;36;1mRate Create (0.3ms)[0m   [0;1mINSERT INTO "rates" ("score") VALUES(3)[0m
  [4;35;1mRating Exists (0.1ms)[0m   [0mSELECT "ratings".id FROM "ratings" WHERE ("ratings"."user_id" = 0 AND "ratings".rateable_id = 1 AND "ratings".rateable_type = 'Typo') LIMIT 1[0m
Redirected to http://localhost:3000/typos
Completed in 13ms (DB: 1) | 302 Found [http://localhost/typo/1/rating/3]


Processing TyposController#index (for 127.0.0.1 at 2009-06-16 17:51:16) [GET]
  [4;36;1mTypo Load (0.4ms)[0m   [0;1mSELECT * FROM "typos" [0m
Rendering template within layouts/typos
Rendering typos/index
  [4;35;1mSQL (0.1ms)[0m   [0mSELECT count(*) AS count_all FROM "rates" INNER JOIN "ratings" ON "rates".id = "ratings".rate_id WHERE (("ratings".rateable_type = 'Typo') AND ("ratings".rateable_id = 1)) [0m
  [4;36;1mRate Load (0.1ms)[0m   [0;1mSELECT "rates".* FROM "rates" INNER JOIN "ratings" ON "rates".id = "ratings".rate_id WHERE (("ratings".rateable_type = 'Typo') AND ("ratings".rateable_id = 1)) [0m
Completed in 7ms (View: 3, DB: 1) | 200 OK [http://localhost/typos]


Processing TyposController#index (for 127.0.0.1 at 2009-06-16 17:51:18) [GET]
  [4;35;1mTypo Load (0.4ms)[0m   [0mSELECT * FROM "typos" [0m
Rendering template within layouts/typos
Rendering typos/index
  [4;36;1mSQL (0.2ms)[0m   [0;1mSELECT count(*) AS count_all FROM "rates" INNER JOIN "ratings" ON "rates".id = "ratings".rate_id WHERE (("ratings".rateable_type = 'Typo') AND ("ratings".rateable_id = 1)) [0m
  [4;35;1mRate Load (0.1ms)[0m   [0mSELECT "rates".* FROM "rates" INNER JOIN "ratings" ON "rates".id = "ratings".rate_id WHERE (("ratings".rateable_type = 'Typo') AND ("ratings".rateable_id = 1)) [0m
Completed in 9ms (View: 4, DB: 1) | 200 OK [http://localhost/typos]


Processing TyposController#rate (for 127.0.0.1 at 2009-06-16 17:51:19) [GET]
  Parameters: {"rating"=>"3", "id"=>"1"}
  [4;36;1mTypo Load (0.2ms)[0m   [0;1mSELECT * FROM "typos" WHERE ("typos"."id" = 1) [0m
  [4;35;1mRate Load (0.1ms)[0m   [0mSELECT * FROM "rates" WHERE ("rates"."score" = 3) LIMIT 1[0m
  [4;36;1mRating Exists (0.1ms)[0m   [0;1mSELECT "ratings".id FROM "ratings" WHERE ("ratings"."user_id" = 0 AND "ratings".rateable_id = 1 AND "ratings".rateable_type = 'Typo') LIMIT 1[0m
Redirected to http://localhost:3000/typos
Completed in 10ms (DB: 0) | 302 Found [http://localhost/typo/1/rating/3]


Processing TyposController#index (for 127.0.0.1 at 2009-06-16 17:51:19) [GET]
  [4;35;1mTypo Load (0.3ms)[0m   [0mSELECT * FROM "typos" [0m
Rendering template within layouts/typos
Rendering typos/index
  [4;36;1mSQL (0.1ms)[0m   [0;1mSELECT count(*) AS count_all FROM "rates" INNER JOIN "ratings" ON "rates".id = "ratings".rate_id WHERE (("ratings".rateable_type = 'Typo') AND ("ratings".rateable_id = 1)) [0m
  [4;35;1mRate Load (0.1ms)[0m   [0mSELECT "rates".* FROM "rates" INNER JOIN "ratings" ON "rates".id = "ratings".rate_id WHERE (("ratings".rateable_type = 'Typo') AND ("ratings".rateable_id = 1)) [0m
Completed in 7ms (View: 3, DB: 1) | 200 OK [http://localhost/typos]


Processing TyposController#index (for 127.0.0.1 at 2009-06-16 17:51:21) [GET]
  [4;36;1mTypo Load (0.4ms)[0m   [0;1mSELECT * FROM "typos" [0m
Rendering template within layouts/typos
Rendering typos/index
  [4;35;1mSQL (0.2ms)[0m   [0mSELECT count(*) AS count_all FROM "rates" INNER JOIN "ratings" ON "rates".id = "ratings".rate_id WHERE (("ratings".rateable_type = 'Typo') AND ("ratings".rateable_id = 1)) [0m
  [4;36;1mRate Load (0.1ms)[0m   [0;1mSELECT "rates".* FROM "rates" INNER JOIN "ratings" ON "rates".id = "ratings".rate_id WHERE (("ratings".rateable_type = 'Typo') AND ("ratings".rateable_id = 1)) [0m
Completed in 8ms (View: 4, DB: 1) | 200 OK [http://localhost/typos]


Processing TyposController#index (for 127.0.0.1 at 2009-06-16 17:51:22) [GET]
  [4;35;1mTypo Load (0.4ms)[0m   [0mSELECT * FROM "typos" [0m
Rendering template within layouts/typos
Rendering typos/index
  [4;36;1mSQL (0.2ms)[0m   [0;1mSELECT count(*) AS count_all FROM "rates" INNER JOIN "ratings" ON "rates".id = "ratings".rate_id WHERE (("ratings".rateable_type = 'Typo') AND ("ratings".rateable_id = 1)) [0m
  [4;35;1mRate Load (0.1ms)[0m   [0mSELECT "rates".* FROM "rates" INNER JOIN "ratings" ON "rates".id = "ratings".rate_id WHERE (("ratings".rateable_type = 'Typo') AND ("ratings".rateable_id = 1)) [0m
Completed in 9ms (View: 4, DB: 1) | 200 OK [http://localhost/typos]


Processing TyposController#rate (for 127.0.0.1 at 2009-06-16 17:51:23) [GET]
  Parameters: {"rating"=>"3", "id"=>"1"}
  [4;36;1mTypo Load (0.1ms)[0m   [0;1mSELECT * FROM "typos" WHERE ("typos"."id" = 1) [0m
  [4;35;1mRate Load (0.1ms)[0m   [0mSELECT * FROM "rates" WHERE ("rates"."score" = 3) LIMIT 1[0m
  [4;36;1mRating Exists (0.1ms)[0m   [0;1mSELECT "ratings".id FROM "ratings" WHERE ("ratings"."user_id" = 0 AND "ratings".rateable_id = 1 AND "ratings".rateable_type = 'Typo') LIMIT 1[0m
Redirected to http://localhost:3000/typos
Completed in 10ms (DB: 0) | 302 Found [http://localhost/typo/1/rating/3]


Processing TyposController#index (for 127.0.0.1 at 2009-06-16 17:51:23) [GET]
  [4;35;1mTypo Load (0.4ms)[0m   [0mSELECT * FROM "typos" [0m
Rendering template within layouts/typos
Rendering typos/index
  [4;36;1mSQL (0.1ms)[0m   [0;1mSELECT count(*) AS count_all FROM "rates" INNER JOIN "ratings" ON "rates".id = "ratings".rate_id WHERE (("ratings".rateable_type = 'Typo') AND ("ratings".rateable_id = 1)) [0m
  [4;35;1mRate Load (0.1ms)[0m   [0mSELECT "rates".* FROM "rates" INNER JOIN "ratings" ON "rates".id = "ratings".rate_id WHERE (("ratings".rateable_type = 'Typo') AND ("ratings".rateable_id = 1)) [0m
Completed in 7ms (View: 3, DB: 1) | 200 OK [http://localhost/typos]


Processing TyposController#index (for 127.0.0.1 at 2009-06-16 17:51:24) [GET]
  [4;36;1mTypo Load (0.4ms)[0m   [0;1mSELECT * FROM "typos" [0m
Rendering template within layouts/typos
Rendering typos/index
  [4;35;1mSQL (0.2ms)[0m   [0mSELECT count(*) AS count_all FROM "rates" INNER JOIN "ratings" ON "rates".id = "ratings".rate_id WHERE (("ratings".rateable_type = 'Typo') AND ("ratings".rateable_id = 1)) [0m
  [4;36;1mRate Load (0.1ms)[0m   [0;1mSELECT "rates".* FROM "rates" INNER JOIN "ratings" ON "rates".id = "ratings".rate_id WHERE (("ratings".rateable_type = 'Typo') AND ("ratings".rateable_id = 1)) [0m
Completed in 8ms (View: 4, DB: 1) | 200 OK [http://localhost/typos]


Processing TyposController#rate (for 127.0.0.1 at 2009-06-16 17:51:25) [GET]
  Parameters: {"rating"=>"3", "id"=>"1"}
  [4;35;1mTypo Load (0.1ms)[0m   [0mSELECT * FROM "typos" WHERE ("typos"."id" = 1) [0m
  [4;36;1mRate Load (0.1ms)[0m   [0;1mSELECT * FROM "rates" WHERE ("rates"."score" = 3) LIMIT 1[0m
  [4;35;1mRating Exists (0.1ms)[0m   [0mSELECT "ratings".id FROM "ratings" WHERE ("ratings"."user_id" = 0 AND "ratings".rateable_id = 1 AND "ratings".rateable_type = 'Typo') LIMIT 1[0m
Redirected to http://localhost:3000/typos
Completed in 10ms (DB: 0) | 302 Found [http://localhost/typo/1/rating/3]


Processing TyposController#index (for 127.0.0.1 at 2009-06-16 17:51:25) [GET]
  [4;36;1mTypo Load (0.4ms)[0m   [0;1mSELECT * FROM "typos" [0m
Rendering template within layouts/typos
Rendering typos/index
  [4;35;1mSQL (0.1ms)[0m   [0mSELECT count(*) AS count_all FROM "rates" INNER JOIN "ratings" ON "rates".id = "ratings".rate_id WHERE (("ratings".rateable_type = 'Typo') AND ("ratings".rateable_id = 1)) [0m
  [4;36;1mRate Load (0.1ms)[0m   [0;1mSELECT "rates".* FROM "rates" INNER JOIN "ratings" ON "rates".id = "ratings".rate_id WHERE (("ratings".rateable_type = 'Typo') AND ("ratings".rateable_id = 1)) [0m
Completed in 7ms (View: 3, DB: 1) | 200 OK [http://localhost/typos]


Processing TyposController#index (for 127.0.0.1 at 2009-06-16 17:51:26) [GET]
  [4;35;1mTypo Load (0.4ms)[0m   [0mSELECT * FROM "typos" [0m
Rendering template within layouts/typos
Rendering typos/index
  [4;36;1mSQL (0.3ms)[0m   [0;1mSELECT count(*) AS count_all FROM "rates" INNER JOIN "ratings" ON "rates".id = "ratings".rate_id WHERE (("ratings".rateable_type = 'Typo') AND ("ratings".rateable_id = 1)) [0m
  [4;35;1mRate Load (0.1ms)[0m   [0mSELECT "rates".* FROM "rates" INNER JOIN "ratings" ON "rates".id = "ratings".rate_id WHERE (("ratings".rateable_type = 'Typo') AND ("ratings".rateable_id = 1)) [0m
Completed in 13ms (View: 8, DB: 1) | 200 OK [http://localhost/typos]


Processing TyposController#index (for 127.0.0.1 at 2009-06-16 17:54:03) [GET]
  [4;36;1mTypo Load (0.4ms)[0m   [0;1mSELECT * FROM "typos" [0m
Rendering template within layouts/typos
Rendering typos/index
  [4;35;1mSQL (0.1ms)[0m   [0mSELECT count(*) AS count_all FROM "rates" INNER JOIN "ratings" ON "rates".id = "ratings".rate_id WHERE (("ratings".rateable_type = 'Typo') AND ("ratings".rateable_id = 1)) [0m
  [4;36;1mRate Load (0.1ms)[0m   [0;1mSELECT "rates".* FROM "rates" INNER JOIN "ratings" ON "rates".id = "ratings".rate_id WHERE (("ratings".rateable_type = 'Typo') AND ("ratings".rateable_id = 1)) [0m
Completed in 53ms (View: 49, DB: 1) | 200 OK [http://localhost/]


Processing TyposController#index (for 127.0.0.1 at 2009-06-16 17:56:08) [GET]
  [4;36;1mTypo Load (0.5ms)[0m   [0;1mSELECT * FROM "typos" [0m
Rendering template within layouts/typos
Rendering typos/index
  [4;35;1mSQL (0.2ms)[0m   [0mSELECT count(*) AS count_all FROM "rates" INNER JOIN "ratings" ON "rates".id = "ratings".rate_id WHERE (("ratings".rateable_type = 'Typo') AND ("ratings".rateable_id = 1)) [0m
  [4;36;1mRate Load (0.1ms)[0m   [0;1mSELECT "rates".* FROM "rates" INNER JOIN "ratings" ON "rates".id = "ratings".rate_id WHERE (("ratings".rateable_type = 'Typo') AND ("ratings".rateable_id = 1)) [0m
Completed in 73ms (View: 62, DB: 1) | 200 OK [http://localhost/typos]


Processing TyposController#index (for 127.0.0.1 at 2009-06-16 17:59:02) [GET]
  [4;35;1mTypo Load (0.5ms)[0m   [0mSELECT * FROM "typos" [0m
Rendering template within layouts/typos
Rendering typos/index
  [4;36;1mSQL (0.2ms)[0m   [0;1mSELECT count(*) AS count_all FROM "rates" INNER JOIN "ratings" ON "rates".id = "ratings".rate_id WHERE (("ratings".rateable_type = 'Typo') AND ("ratings".rateable_id = 1)) [0m
  [4;35;1mRate Load (0.1ms)[0m   [0mSELECT "rates".* FROM "rates" INNER JOIN "ratings" ON "rates".id = "ratings".rate_id WHERE (("ratings".rateable_type = 'Typo') AND ("ratings".rateable_id = 1)) [0m
Completed in 14ms (View: 9, DB: 1) | 200 OK [http://localhost/typos]


Processing TyposController#index (for 127.0.0.1 at 2009-06-16 17:59:08) [GET]
  [4;36;1mTypo Load (0.4ms)[0m   [0;1mSELECT * FROM "typos" [0m
Rendering template within layouts/typos
Rendering typos/index
  [4;35;1mSQL (0.2ms)[0m   [0mSELECT count(*) AS count_all FROM "rates" INNER JOIN "ratings" ON "rates".id = "ratings".rate_id WHERE (("ratings".rateable_type = 'Typo') AND ("ratings".rateable_id = 1)) [0m
  [4;36;1mRate Load (0.1ms)[0m   [0;1mSELECT "rates".* FROM "rates" INNER JOIN "ratings" ON "rates".id = "ratings".rate_id WHERE (("ratings".rateable_type = 'Typo') AND ("ratings".rateable_id = 1)) [0m
Completed in 9ms (View: 4, DB: 1) | 200 OK [http://localhost/typos]


Processing TyposController#index (for 127.0.0.1 at 2009-06-16 18:04:38) [GET]
  [4;35;1mTypo Load (0.5ms)[0m   [0mSELECT * FROM "typos" [0m
Rendering template within layouts/typos
Rendering typos/index

ActionView::TemplateError (A tab character was used for indentation. Haml must be indented using two spaces.
Are you sure you have soft tabs enabled in your editor?) on line #4 of app/views/typos/index.html.haml:
1: %h1= iPhone Typos
2: 
3: <% @typos.each do |typo| %>
4: 	Avg. rating: <%= typo.average_rating_round %><br />
5: 	<%= simple_format(typo.html) %>
6: 	Rate it: <% 1.upto(4) do |rating| %>
7: 		<%= link_to rating, :action => "rate", :id => typo, :rating => rating %>

    app/views/typos/index.html.haml:4
    haml (2.0.9) lib/haml/precompiler.rb:766:in `count_soft_tabs'
    haml (2.0.9) lib/haml/precompiler.rb:124:in `precompile'
    haml (2.0.9) lib/haml/precompiler.rb:122:in `each'
    haml (2.0.9) lib/haml/precompiler.rb:122:in `each_with_index'
    haml (2.0.9) lib/haml/precompiler.rb:122:in `precompile'
    haml (2.0.9) lib/haml/engine.rb:100:in `initialize'
    haml (2.0.9) lib/haml/template/plugin.rb:21:in `new'
    haml (2.0.9) lib/haml/template/plugin.rb:21:in `compile'
    haml (2.0.9) lib/haml/helpers/action_view_mods.rb:14:in `render'
    haml (2.0.9) lib/haml/helpers/action_view_mods.rb:14:in `render'
    app/controllers/typos_controller.rb:7:in `index'
    haml (2.0.9) lib/sass/plugin/rails.rb:19:in `process'

Rendered rescues/_trace (46.3ms)
Rendered rescues/_request_and_response (1.4ms)
Rendering rescues/layout (internal_server_error)


Processing TyposController#index (for 127.0.0.1 at 2009-06-16 18:07:58) [GET]
  [4;36;1mTypo Load (0.6ms)[0m   [0;1mSELECT * FROM "typos" [0m
Rendering template within layouts/typos
Rendering typos/index

ActionView::TemplateError (Illegal nesting: nesting within plain text is illegal.) on line #4 of app/views/typos/index.html.haml:
1: %h1= iPhone Typos
2: 
3: @typos.each do |typo|
4:   .typo 
5:     .rating "Avg. rating:" = typo.average_rating_round %br/
6:     <%= simple_format(typo.html) %>
7:     Rate it: 1.upto(4) do |rating|

    app/views/typos/index.html.haml:4
    haml (2.0.9) lib/haml/precompiler.rb:314:in `push_plain'
    haml (2.0.9) lib/haml/precompiler.rb:228:in `process_line'
    haml (2.0.9) lib/haml/precompiler.rb:156:in `precompile'
    haml (2.0.9) lib/haml/precompiler.rb:122:in `each'
    haml (2.0.9) lib/haml/precompiler.rb:122:in `each_with_index'
    haml (2.0.9) lib/haml/precompiler.rb:122:in `precompile'
    haml (2.0.9) lib/haml/engine.rb:100:in `initialize'
    haml (2.0.9) lib/haml/template/plugin.rb:21:in `new'
    haml (2.0.9) lib/haml/template/plugin.rb:21:in `compile'
    haml (2.0.9) lib/haml/helpers/action_view_mods.rb:14:in `render'
    haml (2.0.9) lib/haml/helpers/action_view_mods.rb:14:in `render'
    app/controllers/typos_controller.rb:7:in `index'
    haml (2.0.9) lib/sass/plugin/rails.rb:19:in `process'

Rendered rescues/_trace (37.1ms)
Rendered rescues/_request_and_response (0.2ms)
Rendering rescues/layout (internal_server_error)


Processing TyposController#index (for 127.0.0.1 at 2009-06-16 18:08:19) [GET]
  [4;35;1mTypo Load (0.5ms)[0m   [0mSELECT * FROM "typos" [0m
Rendering template within layouts/typos
Rendering typos/index

ActionView::TemplateError (uninitialized constant ActionView::Base::CompiledTemplates::Typos) on line #1 of app/views/typos/index.html.haml:
1: %h1= iPhone Typos
2: 
3: / @typos.each do |typo|
4: /   .typo 

    app/views/typos/index.html.haml:1:in `_run_haml_app47views47typos47index46html46haml'
    haml (2.0.9) lib/haml/helpers/action_view_mods.rb:14:in `render'
    haml (2.0.9) lib/haml/helpers/action_view_mods.rb:14:in `render'
    app/controllers/typos_controller.rb:7:in `index'
    haml (2.0.9) lib/sass/plugin/rails.rb:19:in `process'

Rendered rescues/_trace (84.7ms)
Rendered rescues/_request_and_response (0.2ms)
Rendering rescues/layout (internal_server_error)


Processing TyposController#index (for 127.0.0.1 at 2009-06-16 18:08:28) [GET]
  [4;36;1mTypo Load (0.4ms)[0m   [0;1mSELECT * FROM "typos" [0m
Rendering template within layouts/typos
Rendering typos/index

ActionView::TemplateError (uninitialized constant ActionView::Base::CompiledTemplates::Typos) on line #1 of app/views/typos/index.html.haml:
1: %h1= iPhone Typos
2: 
3: 
4: 

    app/views/typos/index.html.haml:1:in `_run_haml_app47views47typos47index46html46haml'
    haml (2.0.9) lib/haml/helpers/action_view_mods.rb:14:in `render'
    haml (2.0.9) lib/haml/helpers/action_view_mods.rb:14:in `render'
    app/controllers/typos_controller.rb:7:in `index'
    haml (2.0.9) lib/sass/plugin/rails.rb:19:in `process'

Rendered rescues/_trace (30.8ms)
Rendered rescues/_request_and_response (0.2ms)
Rendering rescues/layout (internal_server_error)


Processing TyposController#index (for 127.0.0.1 at 2009-06-16 18:10:07) [GET]
  [4;36;1mTypo Load (0.5ms)[0m   [0;1mSELECT * FROM "typos" [0m
Rendering template within layouts/typos
Rendering typos/index
Completed in 67ms (View: 56, DB: 1) | 200 OK [http://localhost/typos]


Processing TyposController#index (for 127.0.0.1 at 2009-06-16 18:10:18) [GET]
  [4;35;1mTypo Load (0.4ms)[0m   [0mSELECT * FROM "typos" [0m
Rendering template within layouts/typos
Rendering typos/index

ActionView::TemplateError (Illegal nesting: nesting within plain text is illegal.) on line #4 of app/views/typos/index.html.haml:
1: // %h1= iPhone Typos
2: 
3: @typos.each do |typo|
4:   .typo 
5:     .rating "Avg. rating:" = typo.average_rating_round %br/
6:     .typo simple_format(typo.html) %>
7:     Rate it: 1.upto(4) do |rating|

    app/views/typos/index.html.haml:4
    haml (2.0.9) lib/haml/precompiler.rb:314:in `push_plain'
    haml (2.0.9) lib/haml/precompiler.rb:228:in `process_line'
    haml (2.0.9) lib/haml/precompiler.rb:156:in `precompile'
    haml (2.0.9) lib/haml/precompiler.rb:122:in `each'
    haml (2.0.9) lib/haml/precompiler.rb:122:in `each_with_index'
    haml (2.0.9) lib/haml/precompiler.rb:122:in `precompile'
    haml (2.0.9) lib/haml/engine.rb:100:in `initialize'
    haml (2.0.9) lib/haml/template/plugin.rb:21:in `new'
    haml (2.0.9) lib/haml/template/plugin.rb:21:in `compile'
    haml (2.0.9) lib/haml/helpers/action_view_mods.rb:14:in `render'
    haml (2.0.9) lib/haml/helpers/action_view_mods.rb:14:in `render'
    app/controllers/typos_controller.rb:7:in `index'
    haml (2.0.9) lib/sass/plugin/rails.rb:19:in `process'

Rendered rescues/_trace (38.8ms)
Rendered rescues/_request_and_response (1.2ms)
Rendering rescues/layout (internal_server_error)


Processing TyposController#index (for 127.0.0.1 at 2009-06-16 18:15:08) [GET]
  [4;36;1mTypo Load (0.4ms)[0m   [0;1mSELECT * FROM "typos" [0m
Rendering template within layouts/typos
Rendering typos/index

ActionView::TemplateError (You don't need to use "- end" in Haml. Use indentation instead:
- if foo?
  %strong Foo!
- else
  Not foo.) on line #12 of app/views/typos/index.html.haml:
9:     .rate_it= "Rate it: "
10:     - 1.upto(4) do |rating|
11:       = link_to rating, :action => "rate", :id => typo, :rating => rating
12:     - end
13:   %hr/
14: - end 
15: 

    app/views/typos/index.html.haml:12
    haml (2.0.9) lib/haml/precompiler.rb:206:in `process_line'
    haml (2.0.9) lib/haml/precompiler.rb:156:in `precompile'
    haml (2.0.9) lib/haml/precompiler.rb:122:in `each'
    haml (2.0.9) lib/haml/precompiler.rb:122:in `each_with_index'
    haml (2.0.9) lib/haml/precompiler.rb:122:in `precompile'
    haml (2.0.9) lib/haml/engine.rb:100:in `initialize'
    haml (2.0.9) lib/haml/template/plugin.rb:21:in `new'
    haml (2.0.9) lib/haml/template/plugin.rb:21:in `compile'
    haml (2.0.9) lib/haml/helpers/action_view_mods.rb:14:in `render'
    haml (2.0.9) lib/haml/helpers/action_view_mods.rb:14:in `render'
    app/controllers/typos_controller.rb:7:in `index'
    haml (2.0.9) lib/sass/plugin/rails.rb:19:in `process'

Rendered rescues/_trace (105.9ms)
Rendered rescues/_request_and_response (0.3ms)
Rendering rescues/layout (internal_server_error)


Processing TyposController#index (for 127.0.0.1 at 2009-06-16 18:15:28) [GET]
  [4;35;1mTypo Load (0.4ms)[0m   [0mSELECT * FROM "typos" [0m
Rendering template within layouts/typos
Rendering typos/index
  [4;36;1mSQL (0.4ms)[0m   [0;1mSELECT count(*) AS count_all FROM "rates" INNER JOIN "ratings" ON "rates".id = "ratings".rate_id WHERE (("ratings".rateable_type = 'Typo') AND ("ratings".rateable_id = 1)) [0m
  [4;35;1mRate Load (0.1ms)[0m   [0mSELECT "rates".* FROM "rates" INNER JOIN "ratings" ON "rates".id = "ratings".rate_id WHERE (("ratings".rateable_type = 'Typo') AND ("ratings".rateable_id = 1)) [0m
Completed in 26ms (View: 21, DB: 1) | 200 OK [http://localhost/typos]


Processing TyposController#index (for 127.0.0.1 at 2009-06-16 18:15:41) [GET]
  [4;36;1mTypo Load (0.8ms)[0m   [0;1mSELECT * FROM "typos" [0m
Rendering template within layouts/typos
Rendering typos/index

ActionView::TemplateError (uninitialized constant ActionView::Base::CompiledTemplates::Typos) on line #1 of app/views/typos/index.html.haml:
1: %h1= iPhone Typos
2: 
3: - @typos.each do |typo|
4:   .typo 

    app/views/typos/index.html.haml:1:in `_run_haml_app47views47typos47index46html46haml'
    haml (2.0.9) lib/haml/helpers/action_view_mods.rb:14:in `render'
    haml (2.0.9) lib/haml/helpers/action_view_mods.rb:14:in `render'
    app/controllers/typos_controller.rb:7:in `index'
    haml (2.0.9) lib/sass/plugin/rails.rb:19:in `process'

Rendered rescues/_trace (30.2ms)
Rendered rescues/_request_and_response (0.2ms)
Rendering rescues/layout (internal_server_error)


Processing TyposController#index (for 127.0.0.1 at 2009-06-16 18:16:10) [GET]
  [4;35;1mTypo Load (0.4ms)[0m   [0mSELECT * FROM "typos" [0m
Rendering template within layouts/typos
Rendering typos/index
  [4;36;1mSQL (0.2ms)[0m   [0;1mSELECT count(*) AS count_all FROM "rates" INNER JOIN "ratings" ON "rates".id = "ratings".rate_id WHERE (("ratings".rateable_type = 'Typo') AND ("ratings".rateable_id = 1)) [0m
  [4;35;1mRate Load (0.1ms)[0m   [0mSELECT "rates".* FROM "rates" INNER JOIN "ratings" ON "rates".id = "ratings".rate_id WHERE (("ratings".rateable_type = 'Typo') AND ("ratings".rateable_id = 1)) [0m
Completed in 11ms (View: 6, DB: 1) | 200 OK [http://localhost/typos]


Processing TyposController#index (for 127.0.0.1 at 2009-06-16 18:16:30) [GET]
  [4;36;1mTypo Load (0.4ms)[0m   [0;1mSELECT * FROM "typos" [0m
Rendering template within layouts/typos
Rendering typos/index

ActionView::TemplateError (Illegal nesting: nesting within a tag that already has content is illegal.) on line #11 of app/views/typos/index.html.haml:
8:     .typo_content= simple_format(typo.html)
9:     //.rate_it= "Rate it: "
10:     //- 1.upto(4) do |rating|
11:       //= link_to rating, :action => "rate", :id => typo, :rating => rating
12:   %hr/
13: 
14: = link_to 'New typo', new_typo_path

    app/views/typos/index.html.haml:11
    haml (2.0.9) lib/haml/precompiler.rb:652:in `render_comment'
    haml (2.0.9) lib/haml/precompiler.rb:193:in `process_line'
    haml (2.0.9) lib/haml/precompiler.rb:156:in `precompile'
    haml (2.0.9) lib/haml/precompiler.rb:122:in `each'
    haml (2.0.9) lib/haml/precompiler.rb:122:in `each_with_index'
    haml (2.0.9) lib/haml/precompiler.rb:122:in `precompile'
    haml (2.0.9) lib/haml/engine.rb:100:in `initialize'
    haml (2.0.9) lib/haml/template/plugin.rb:21:in `new'
    haml (2.0.9) lib/haml/template/plugin.rb:21:in `compile'
    haml (2.0.9) lib/haml/helpers/action_view_mods.rb:14:in `render'
    haml (2.0.9) lib/haml/helpers/action_view_mods.rb:14:in `render'
    app/controllers/typos_controller.rb:7:in `index'
    haml (2.0.9) lib/sass/plugin/rails.rb:19:in `process'

Rendered rescues/_trace (33.6ms)
Rendered rescues/_request_and_response (0.2ms)
Rendering rescues/layout (internal_server_error)


Processing TyposController#index (for 127.0.0.1 at 2009-06-16 18:16:43) [GET]
  [4;35;1mTypo Load (0.4ms)[0m   [0mSELECT * FROM "typos" [0m
Rendering template within layouts/typos
Rendering typos/index
Completed in 10ms (View: 5, DB: 0) | 200 OK [http://localhost/typos]


Processing TyposController#index (for 127.0.0.1 at 2009-06-16 18:16:49) [GET]
  [4;36;1mTypo Load (0.4ms)[0m   [0;1mSELECT * FROM "typos" [0m
Rendering template within layouts/typos
Rendering typos/index
Completed in 9ms (View: 5, DB: 0) | 200 OK [http://localhost/typos]


Processing TyposController#index (for 127.0.0.1 at 2009-06-16 18:25:15) [GET]
  [4;36;1mTypo Load (0.5ms)[0m   [0;1mSELECT * FROM "typos" [0m
Rendering template within layouts/typos
Rendering typos/index

ActionView::TemplateError (Illegal nesting: nesting within a header command is illegal.) on line #2 of app/views/layouts/typos.html.haml:
1: !!! XML
2:   !!! Strict
3:   %html
4:     %head
5:       %title iPhone Typos

    app/views/layouts/typos.html.haml:2
    haml (2.0.9) lib/haml/precompiler.rb:673:in `render_doctype'
    haml (2.0.9) lib/haml/precompiler.rb:223:in `process_line'
    haml (2.0.9) lib/haml/precompiler.rb:156:in `precompile'
    haml (2.0.9) lib/haml/precompiler.rb:122:in `each'
    haml (2.0.9) lib/haml/precompiler.rb:122:in `each_with_index'
    haml (2.0.9) lib/haml/precompiler.rb:122:in `precompile'
    haml (2.0.9) lib/haml/engine.rb:100:in `initialize'
    haml (2.0.9) lib/haml/template/plugin.rb:21:in `new'
    haml (2.0.9) lib/haml/template/plugin.rb:21:in `compile'
    haml (2.0.9) lib/haml/helpers/action_view_mods.rb:14:in `render'
    haml (2.0.9) lib/haml/helpers/action_view_mods.rb:14:in `render'
    app/controllers/typos_controller.rb:7:in `index'
    haml (2.0.9) lib/sass/plugin/rails.rb:19:in `process'

Rendered rescues/_trace (34.5ms)
Rendered rescues/_request_and_response (1.1ms)
Rendering rescues/layout (internal_server_error)


Processing TyposController#index (for 127.0.0.1 at 2009-06-16 18:25:25) [GET]
  [4;35;1mTypo Load (0.4ms)[0m   [0mSELECT * FROM "typos" [0m
Rendering template within layouts/typos
Rendering typos/index

ActionView::TemplateError (Illegal nesting: nesting within a header command is illegal.) on line #2 of app/views/layouts/typos.html.haml:
1: !!! XML
2:   !!! Strict
3:     %html
4:       %head
5:         %title iPhone Typos

    app/views/layouts/typos.html.haml:2
    haml (2.0.9) lib/haml/precompiler.rb:673:in `render_doctype'
    haml (2.0.9) lib/haml/precompiler.rb:223:in `process_line'
    haml (2.0.9) lib/haml/precompiler.rb:156:in `precompile'
    haml (2.0.9) lib/haml/precompiler.rb:122:in `each'
    haml (2.0.9) lib/haml/precompiler.rb:122:in `each_with_index'
    haml (2.0.9) lib/haml/precompiler.rb:122:in `precompile'
    haml (2.0.9) lib/haml/engine.rb:100:in `initialize'
    haml (2.0.9) lib/haml/template/plugin.rb:21:in `new'
    haml (2.0.9) lib/haml/template/plugin.rb:21:in `compile'
    haml (2.0.9) lib/haml/helpers/action_view_mods.rb:14:in `render'
    haml (2.0.9) lib/haml/helpers/action_view_mods.rb:14:in `render'
    app/controllers/typos_controller.rb:7:in `index'
    haml (2.0.9) lib/sass/plugin/rails.rb:19:in `process'

Rendered rescues/_trace (89.3ms)
Rendered rescues/_request_and_response (0.2ms)
Rendering rescues/layout (internal_server_error)


Processing TyposController#index (for 127.0.0.1 at 2009-06-16 18:25:37) [GET]
  [4;36;1mTypo Load (0.5ms)[0m   [0;1mSELECT * FROM "typos" [0m
Rendering template within layouts/typos
Rendering typos/index
Completed in 12ms (View: 7, DB: 0) | 200 OK [http://localhost/typos]


Processing TyposController#index (for 127.0.0.1 at 2009-06-16 18:25:38) [GET]
  [4;35;1mTypo Load (0.4ms)[0m   [0mSELECT * FROM "typos" [0m
Rendering template within layouts/typos
Rendering typos/index
Completed in 7ms (View: 2, DB: 0) | 200 OK [http://localhost/typos]


Processing TyposController#index (for 127.0.0.1 at 2009-06-16 18:26:12) [GET]
  [4;36;1mTypo Load (0.4ms)[0m   [0;1mSELECT * FROM "typos" [0m
Rendering template within layouts/typos
Rendering typos/index
Completed in 8ms (View: 4, DB: 0) | 200 OK [http://localhost/typos]


Processing TyposController#index (for 127.0.0.1 at 2009-06-16 18:28:23) [GET]
  [4;35;1mTypo Load (0.6ms)[0m   [0mSELECT * FROM "typos" [0m
Rendering template within layouts/typos
Rendering typos/index

ActionView::TemplateError (Filter "script" is not defined.) on line #13 of app/views/layouts/typos.html.haml:
10: 
11:     = yield
12: 
13:   :script
14:     var gaJsHost = (("https:" == document.location.protocol) ? "https://ssl." : "http://www.");
15:     document.write(unescape("%3Cscript src='" + gaJsHost + "google-analytics.com/ga.js' type='text/javascript'%3E%3C/script%3E"));
16:   

    app/views/layouts/typos.html.haml:13
    haml (2.0.9) lib/haml/precompiler.rb:717:in `start_filtered'
    haml (2.0.9) lib/haml/precompiler.rb:221:in `process_line'
    haml (2.0.9) lib/haml/precompiler.rb:156:in `precompile'
    haml (2.0.9) lib/haml/precompiler.rb:122:in `each'
    haml (2.0.9) lib/haml/precompiler.rb:122:in `each_with_index'
    haml (2.0.9) lib/haml/precompiler.rb:122:in `precompile'
    haml (2.0.9) lib/haml/engine.rb:100:in `initialize'
    haml (2.0.9) lib/haml/template/plugin.rb:21:in `new'
    haml (2.0.9) lib/haml/template/plugin.rb:21:in `compile'
    haml (2.0.9) lib/haml/helpers/action_view_mods.rb:14:in `render'
    haml (2.0.9) lib/haml/helpers/action_view_mods.rb:14:in `render'
    app/controllers/typos_controller.rb:7:in `index'
    haml (2.0.9) lib/sass/plugin/rails.rb:19:in `process'

Rendered rescues/_trace (41.5ms)
Rendered rescues/_request_and_response (0.2ms)
Rendering rescues/layout (internal_server_error)


Processing TyposController#index (for 127.0.0.1 at 2009-06-16 18:28:32) [GET]
  [4;36;1mTypo Load (0.4ms)[0m   [0;1mSELECT * FROM "typos" [0m
Rendering template within layouts/typos
Rendering typos/index
Completed in 11ms (View: 6, DB: 0) | 200 OK [http://localhost/typos]


Processing TyposController#index (for 127.0.0.1 at 2009-06-16 18:28:33) [GET]
  [4;35;1mTypo Load (0.4ms)[0m   [0mSELECT * FROM "typos" [0m
Rendering template within layouts/typos
Rendering typos/index
Completed in 8ms (View: 3, DB: 0) | 200 OK [http://localhost/typos]


Processing TyposController#index (for 127.0.0.1 at 2009-06-16 18:29:12) [GET]
  [4;36;1mTypo Load (0.5ms)[0m   [0;1mSELECT * FROM "typos" [0m
Rendering template within layouts/typos
Rendering typos/index
Completed in 12ms (View: 6, DB: 1) | 200 OK [http://localhost/typos]


Processing TyposController#index (for 127.0.0.1 at 2009-06-16 18:29:24) [GET]
  [4;35;1mTypo Load (0.4ms)[0m   [0mSELECT * FROM "typos" [0m
Rendering template within layouts/typos
Rendering typos/index
Completed in 7ms (View: 2, DB: 0) | 200 OK [http://localhost/typos]


Processing TyposController#index (for 127.0.0.1 at 2009-06-16 18:29:27) [GET]
  [4;36;1mTypo Load (0.4ms)[0m   [0;1mSELECT * FROM "typos" [0m
Rendering template within layouts/typos
Rendering typos/index
Completed in 7ms (View: 2, DB: 0) | 200 OK [http://localhost/typos]


Processing TyposController#index (for 127.0.0.1 at 2009-06-16 18:30:49) [GET]
  [4;36;1mTypo Load (0.5ms)[0m   [0;1mSELECT * FROM "typos" [0m
Rendering template within layouts/typos
Rendering typos/index
Completed in 59ms (View: 49, DB: 0) | 200 OK [http://localhost/typos]


Processing TyposController#index (for 127.0.0.1 at 2009-06-16 18:30:51) [GET]
  [4;35;1mTypo Load (0.5ms)[0m   [0mSELECT * FROM "typos" [0m
Rendering template within layouts/typos
Rendering typos/index
Completed in 7ms (View: 2, DB: 1) | 200 OK [http://localhost/typos]
